2016-04-30 00:18:14,775 ERROR c.c.d.collector.DefaultHudsonClient - Parsing jobs on instance: http://server/job/job2/2/
org.json.simple.parser.ParseException: null
	at org.json.simple.parser.JSONParser.parse(JSONParser.java:257) ~[json-simple-1.1.1.jar:na]
	at org.json.simple.parser.JSONParser.parse(JSONParser.java:81) ~[json-simple-1.1.1.jar:na]
	at org.json.simple.parser.JSONParser.parse(JSONParser.java:75) ~[json-simple-1.1.1.jar:na]
	at com.capitalone.dashboard.collector.DefaultHudsonClient.getInstanceJobs(DefaultHudsonClient.java:95) ~[classes/:na]
	at com.capitalone.dashboard.collector.DefaultHudsonClientTests.instanceJobs_emptyResponse_returnsEmptyMap(DefaultHudsonClientTests.java:164) [test-classes/:na]
	at sun.reflect.NativeMethodAccessorImpl.invoke0(Native Method) ~[na:1.8.0_91]
	at sun.reflect.NativeMethodAccessorImpl.invoke(NativeMethodAccessorImpl.java:62) ~[na:1.8.0_91]
	at sun.reflect.DelegatingMethodAccessorImpl.invoke(DelegatingMethodAccessorImpl.java:43) ~[na:1.8.0_91]
	at java.lang.reflect.Method.invoke(Method.java:498) ~[na:1.8.0_91]
	at org.junit.runners.model.FrameworkMethod$1.runReflectiveCall(FrameworkMethod.java:50) [junit-4.12.jar:4.12]
	at org.junit.internal.runners.model.ReflectiveCallable.run(ReflectiveCallable.java:12) [junit-4.12.jar:4.12]
	at org.junit.runners.model.FrameworkMethod.invokeExplosively(FrameworkMethod.java:47) [junit-4.12.jar:4.12]
	at org.junit.internal.runners.statements.InvokeMethod.evaluate(InvokeMethod.java:17) [junit-4.12.jar:4.12]
	at org.junit.internal.runners.statements.RunBefores.evaluate(RunBefores.java:26) [junit-4.12.jar:4.12]
	at org.junit.runners.ParentRunner.runLeaf(ParentRunner.java:325) [junit-4.12.jar:4.12]
	at org.junit.runners.BlockJUnit4ClassRunner.runChild(BlockJUnit4ClassRunner.java:78) [junit-4.12.jar:4.12]
	at org.junit.runners.BlockJUnit4ClassRunner.runChild(BlockJUnit4ClassRunner.java:57) [junit-4.12.jar:4.12]
	at org.junit.runners.ParentRunner$3.run(ParentRunner.java:290) [junit-4.12.jar:4.12]
	at org.junit.runners.ParentRunner$1.schedule(ParentRunner.java:71) [junit-4.12.jar:4.12]
	at org.junit.runners.ParentRunner.runChildren(ParentRunner.java:288) [junit-4.12.jar:4.12]
	at org.junit.runners.ParentRunner.access$000(ParentRunner.java:58) [junit-4.12.jar:4.12]
	at org.junit.runners.ParentRunner$2.evaluate(ParentRunner.java:268) [junit-4.12.jar:4.12]
	at org.junit.runners.ParentRunner.run(ParentRunner.java:363) [junit-4.12.jar:4.12]
	at org.mockito.internal.runners.JUnit45AndHigherRunnerImpl.run(JUnit45AndHigherRunnerImpl.java:37) [mockito-core-1.10.19.jar:na]
	at org.mockito.runners.MockitoJUnitRunner.run(MockitoJUnitRunner.java:62) [mockito-core-1.10.19.jar:na]
	at org.apache.maven.surefire.junit4.JUnit4Provider.execute(JUnit4Provider.java:264) [surefire-junit4-2.17.jar:2.17]
	at org.apache.maven.surefire.junit4.JUnit4Provider.executeTestSet(JUnit4Provider.java:153) [surefire-junit4-2.17.jar:2.17]
	at org.apache.maven.surefire.junit4.JUnit4Provider.invoke(JUnit4Provider.java:124) [surefire-junit4-2.17.jar:2.17]
	at org.apache.maven.surefire.booter.ForkedBooter.invokeProviderInSameClassLoader(ForkedBooter.java:200) [surefire-booter-2.17.jar:2.17]
	at org.apache.maven.surefire.booter.ForkedBooter.runSuitesInProcess(ForkedBooter.java:153) [surefire-booter-2.17.jar:2.17]
	at org.apache.maven.surefire.booter.ForkedBooter.main(ForkedBooter.java:103) [surefire-booter-2.17.jar:2.17]
2016-04-30 00:18:14,890 INFO  c.c.d.collector.CollectorTask - ------------------------------
2016-04-30 00:18:14,891 INFO  c.c.d.collector.CollectorTask - server1
2016-04-30 00:18:14,891 INFO  c.c.d.collector.CollectorTask - ------------------------------
2016-04-30 00:18:14,892 INFO  c.c.d.collector.CollectorTask - Fetched jobs                0s
2016-04-30 00:18:14,892 INFO  c.c.d.collector.CollectorTask - New jobs           0        0s
2016-04-30 00:18:14,892 INFO  c.c.d.collector.CollectorTask - New builds         0        0s
2016-04-30 00:18:14,892 INFO  c.c.d.collector.CollectorTask - Finished                    0s
2016-04-30 00:18:14,894 INFO  c.c.d.collector.CollectorTask - ------------------------------
2016-04-30 00:18:14,894 INFO  c.c.d.collector.CollectorTask - server1
2016-04-30 00:18:14,894 INFO  c.c.d.collector.CollectorTask - ------------------------------
2016-04-30 00:18:14,895 INFO  c.c.d.collector.CollectorTask - Fetched jobs                0s
2016-04-30 00:18:14,895 INFO  c.c.d.collector.CollectorTask - New jobs           1        0s
2016-04-30 00:18:14,895 INFO  c.c.d.collector.CollectorTask - New builds         0        0s
2016-04-30 00:18:14,895 INFO  c.c.d.collector.CollectorTask - Finished                    0s
2016-04-30 00:18:14,899 INFO  c.c.d.collector.CollectorTask - ------------------------------
2016-04-30 00:18:14,899 INFO  c.c.d.collector.CollectorTask - server1
2016-04-30 00:18:14,899 INFO  c.c.d.collector.CollectorTask - ------------------------------
2016-04-30 00:18:14,900 INFO  c.c.d.collector.CollectorTask - Fetched jobs                0s
2016-04-30 00:18:14,900 INFO  c.c.d.collector.CollectorTask - New jobs           0        0s
2016-04-30 00:18:14,900 INFO  c.c.d.collector.CollectorTask - New builds         0        0s
2016-04-30 00:18:14,900 INFO  c.c.d.collector.CollectorTask - Finished                    0s
2016-04-30 00:18:14,901 INFO  c.c.d.collector.CollectorTask - ------------------------------
2016-04-30 00:18:14,902 INFO  c.c.d.collector.CollectorTask - server1
2016-04-30 00:18:14,902 INFO  c.c.d.collector.CollectorTask - ------------------------------
2016-04-30 00:18:14,902 INFO  c.c.d.collector.CollectorTask - Fetched jobs                0s
2016-04-30 00:18:14,902 INFO  c.c.d.collector.CollectorTask - New jobs           1        0s
2016-04-30 00:18:14,902 INFO  c.c.d.collector.CollectorTask - New builds         0        0s
2016-04-30 00:18:14,902 INFO  c.c.d.collector.CollectorTask - Finished                    0s
2016-04-30 00:18:14,904 INFO  c.c.d.collector.CollectorTask - ------------------------------
2016-04-30 00:18:14,904 INFO  c.c.d.collector.CollectorTask - server1
2016-04-30 00:18:14,906 INFO  c.c.d.collector.CollectorTask - ------------------------------
2016-04-30 00:18:14,906 INFO  c.c.d.collector.CollectorTask - Fetched jobs                0s
2016-04-30 00:18:14,906 INFO  c.c.d.collector.CollectorTask - New jobs           2        0s
2016-04-30 00:18:14,907 INFO  c.c.d.collector.CollectorTask - New builds         0        0s
2016-04-30 00:18:14,907 INFO  c.c.d.collector.CollectorTask - Finished                    0s
2016-04-30 00:18:14,909 INFO  c.c.d.collector.CollectorTask - ------------------------------
2016-04-30 00:18:14,909 INFO  c.c.d.collector.CollectorTask - server1
2016-04-30 00:18:14,909 INFO  c.c.d.collector.CollectorTask - ------------------------------
2016-04-30 00:18:14,909 INFO  c.c.d.collector.CollectorTask - Fetched jobs                0s
2016-04-30 00:18:14,910 INFO  c.c.d.collector.CollectorTask - New jobs           1        0s
2016-04-30 00:18:14,910 INFO  c.c.d.collector.CollectorTask - New builds         0        0s
2016-04-30 00:18:14,910 INFO  c.c.d.collector.CollectorTask - Finished                    0s
2016-04-30 00:18:14,912 INFO  c.c.d.collector.CollectorTask - ------------------------------
2016-04-30 00:18:14,912 INFO  c.c.d.collector.CollectorTask - server1
2016-04-30 00:18:14,912 INFO  c.c.d.collector.CollectorTask - ------------------------------
2016-04-30 00:18:14,912 INFO  c.c.d.collector.CollectorTask - Fetched jobs                0s
2016-04-30 00:18:14,913 INFO  c.c.d.collector.CollectorTask - New jobs           1        0s
2016-04-30 00:18:14,913 INFO  c.c.d.collector.CollectorTask - New builds         1        0s
2016-04-30 00:18:14,913 INFO  c.c.d.collector.CollectorTask - Finished                    0s
2016-04-30 00:18:14,915 INFO  c.c.d.collector.CollectorTask - ------------------------------
2016-04-30 00:18:14,915 INFO  c.c.d.collector.CollectorTask - server1
2016-04-30 00:18:14,915 INFO  c.c.d.collector.CollectorTask - ------------------------------
2016-04-30 00:18:14,915 INFO  c.c.d.collector.CollectorTask - Fetched jobs                0s
2016-04-30 00:18:14,915 INFO  c.c.d.collector.CollectorTask - New jobs           0        0s
2016-04-30 00:18:14,915 INFO  c.c.d.collector.CollectorTask - New builds         0        0s
2016-04-30 00:18:14,915 INFO  c.c.d.collector.CollectorTask - Finished                    0s
2016-04-30 00:22:17,264 ERROR c.c.d.collector.DefaultHudsonClient - Parsing jobs on instance: http://server/job/job2/2/
org.json.simple.parser.ParseException: null
	at org.json.simple.parser.JSONParser.parse(JSONParser.java:257) ~[json-simple-1.1.1.jar:na]
	at org.json.simple.parser.JSONParser.parse(JSONParser.java:81) ~[json-simple-1.1.1.jar:na]
	at org.json.simple.parser.JSONParser.parse(JSONParser.java:75) ~[json-simple-1.1.1.jar:na]
	at com.capitalone.dashboard.collector.DefaultHudsonClient.getInstanceJobs(DefaultHudsonClient.java:95) ~[classes/:na]
	at com.capitalone.dashboard.collector.DefaultHudsonClientTests.instanceJobs_emptyResponse_returnsEmptyMap(DefaultHudsonClientTests.java:164) [test-classes/:na]
	at sun.reflect.NativeMethodAccessorImpl.invoke0(Native Method) ~[na:1.8.0_91]
	at sun.reflect.NativeMethodAccessorImpl.invoke(NativeMethodAccessorImpl.java:62) ~[na:1.8.0_91]
	at sun.reflect.DelegatingMethodAccessorImpl.invoke(DelegatingMethodAccessorImpl.java:43) ~[na:1.8.0_91]
	at java.lang.reflect.Method.invoke(Method.java:498) ~[na:1.8.0_91]
	at org.junit.runners.model.FrameworkMethod$1.runReflectiveCall(FrameworkMethod.java:50) [junit-4.12.jar:4.12]
	at org.junit.internal.runners.model.ReflectiveCallable.run(ReflectiveCallable.java:12) [junit-4.12.jar:4.12]
	at org.junit.runners.model.FrameworkMethod.invokeExplosively(FrameworkMethod.java:47) [junit-4.12.jar:4.12]
	at org.junit.internal.runners.statements.InvokeMethod.evaluate(InvokeMethod.java:17) [junit-4.12.jar:4.12]
	at org.junit.internal.runners.statements.RunBefores.evaluate(RunBefores.java:26) [junit-4.12.jar:4.12]
	at org.junit.runners.ParentRunner.runLeaf(ParentRunner.java:325) [junit-4.12.jar:4.12]
	at org.junit.runners.BlockJUnit4ClassRunner.runChild(BlockJUnit4ClassRunner.java:78) [junit-4.12.jar:4.12]
	at org.junit.runners.BlockJUnit4ClassRunner.runChild(BlockJUnit4ClassRunner.java:57) [junit-4.12.jar:4.12]
	at org.junit.runners.ParentRunner$3.run(ParentRunner.java:290) [junit-4.12.jar:4.12]
	at org.junit.runners.ParentRunner$1.schedule(ParentRunner.java:71) [junit-4.12.jar:4.12]
	at org.junit.runners.ParentRunner.runChildren(ParentRunner.java:288) [junit-4.12.jar:4.12]
	at org.junit.runners.ParentRunner.access$000(ParentRunner.java:58) [junit-4.12.jar:4.12]
	at org.junit.runners.ParentRunner$2.evaluate(ParentRunner.java:268) [junit-4.12.jar:4.12]
	at org.junit.runners.ParentRunner.run(ParentRunner.java:363) [junit-4.12.jar:4.12]
	at org.mockito.internal.runners.JUnit45AndHigherRunnerImpl.run(JUnit45AndHigherRunnerImpl.java:37) [mockito-core-1.10.19.jar:na]
	at org.mockito.runners.MockitoJUnitRunner.run(MockitoJUnitRunner.java:62) [mockito-core-1.10.19.jar:na]
	at org.apache.maven.surefire.junit4.JUnit4Provider.execute(JUnit4Provider.java:264) [surefire-junit4-2.17.jar:2.17]
	at org.apache.maven.surefire.junit4.JUnit4Provider.executeTestSet(JUnit4Provider.java:153) [surefire-junit4-2.17.jar:2.17]
	at org.apache.maven.surefire.junit4.JUnit4Provider.invoke(JUnit4Provider.java:124) [surefire-junit4-2.17.jar:2.17]
	at org.apache.maven.surefire.booter.ForkedBooter.invokeProviderInSameClassLoader(ForkedBooter.java:200) [surefire-booter-2.17.jar:2.17]
	at org.apache.maven.surefire.booter.ForkedBooter.runSuitesInProcess(ForkedBooter.java:153) [surefire-booter-2.17.jar:2.17]
	at org.apache.maven.surefire.booter.ForkedBooter.main(ForkedBooter.java:103) [surefire-booter-2.17.jar:2.17]
2016-04-30 00:22:17,364 INFO  c.c.d.collector.CollectorTask - ------------------------------
2016-04-30 00:22:17,365 INFO  c.c.d.collector.CollectorTask - server1
2016-04-30 00:22:17,366 INFO  c.c.d.collector.CollectorTask - ------------------------------
2016-04-30 00:22:17,367 INFO  c.c.d.collector.CollectorTask - Fetched jobs                0s
2016-04-30 00:22:17,367 INFO  c.c.d.collector.CollectorTask - New jobs           0        0s
2016-04-30 00:22:17,367 INFO  c.c.d.collector.CollectorTask - New builds         0        0s
2016-04-30 00:22:17,367 INFO  c.c.d.collector.CollectorTask - Finished                    0s
2016-04-30 00:22:17,369 INFO  c.c.d.collector.CollectorTask - ------------------------------
2016-04-30 00:22:17,369 INFO  c.c.d.collector.CollectorTask - server1
2016-04-30 00:22:17,369 INFO  c.c.d.collector.CollectorTask - ------------------------------
2016-04-30 00:22:17,369 INFO  c.c.d.collector.CollectorTask - Fetched jobs                0s
2016-04-30 00:22:17,370 INFO  c.c.d.collector.CollectorTask - New jobs           1        0s
2016-04-30 00:22:17,370 INFO  c.c.d.collector.CollectorTask - New builds         0        0s
2016-04-30 00:22:17,370 INFO  c.c.d.collector.CollectorTask - Finished                    0s
2016-04-30 00:22:17,373 INFO  c.c.d.collector.CollectorTask - ------------------------------
2016-04-30 00:22:17,373 INFO  c.c.d.collector.CollectorTask - server1
2016-04-30 00:22:17,373 INFO  c.c.d.collector.CollectorTask - ------------------------------
2016-04-30 00:22:17,373 INFO  c.c.d.collector.CollectorTask - Fetched jobs                0s
2016-04-30 00:22:17,373 INFO  c.c.d.collector.CollectorTask - New jobs           0        0s
2016-04-30 00:22:17,374 INFO  c.c.d.collector.CollectorTask - New builds         0        0s
2016-04-30 00:22:17,374 INFO  c.c.d.collector.CollectorTask - Finished                    0s
2016-04-30 00:22:17,375 INFO  c.c.d.collector.CollectorTask - ------------------------------
2016-04-30 00:22:17,376 INFO  c.c.d.collector.CollectorTask - server1
2016-04-30 00:22:17,376 INFO  c.c.d.collector.CollectorTask - ------------------------------
2016-04-30 00:22:17,376 INFO  c.c.d.collector.CollectorTask - Fetched jobs                0s
2016-04-30 00:22:17,376 INFO  c.c.d.collector.CollectorTask - New jobs           1        0s
2016-04-30 00:22:17,376 INFO  c.c.d.collector.CollectorTask - New builds         0        0s
2016-04-30 00:22:17,376 INFO  c.c.d.collector.CollectorTask - Finished                    0s
2016-04-30 00:22:17,378 INFO  c.c.d.collector.CollectorTask - ------------------------------
2016-04-30 00:22:17,378 INFO  c.c.d.collector.CollectorTask - server1
2016-04-30 00:22:17,378 INFO  c.c.d.collector.CollectorTask - ------------------------------
2016-04-30 00:22:17,378 INFO  c.c.d.collector.CollectorTask - Fetched jobs                0s
2016-04-30 00:22:17,378 INFO  c.c.d.collector.CollectorTask - New jobs           2        0s
2016-04-30 00:22:17,379 INFO  c.c.d.collector.CollectorTask - New builds         0        0s
2016-04-30 00:22:17,379 INFO  c.c.d.collector.CollectorTask - Finished                    0s
2016-04-30 00:22:17,381 INFO  c.c.d.collector.CollectorTask - ------------------------------
2016-04-30 00:22:17,381 INFO  c.c.d.collector.CollectorTask - server1
2016-04-30 00:22:17,381 INFO  c.c.d.collector.CollectorTask - ------------------------------
2016-04-30 00:22:17,381 INFO  c.c.d.collector.CollectorTask - Fetched jobs                0s
2016-04-30 00:22:17,381 INFO  c.c.d.collector.CollectorTask - New jobs           1        0s
2016-04-30 00:22:17,382 INFO  c.c.d.collector.CollectorTask - New builds         0        0s
2016-04-30 00:22:17,382 INFO  c.c.d.collector.CollectorTask - Finished                    0s
2016-04-30 00:22:17,383 INFO  c.c.d.collector.CollectorTask - ------------------------------
2016-04-30 00:22:17,383 INFO  c.c.d.collector.CollectorTask - server1
2016-04-30 00:22:17,383 INFO  c.c.d.collector.CollectorTask - ------------------------------
2016-04-30 00:22:17,384 INFO  c.c.d.collector.CollectorTask - Fetched jobs                0s
2016-04-30 00:22:17,384 INFO  c.c.d.collector.CollectorTask - New jobs           1        0s
2016-04-30 00:22:17,384 INFO  c.c.d.collector.CollectorTask - New builds         1        0s
2016-04-30 00:22:17,384 INFO  c.c.d.collector.CollectorTask - Finished                    0s
2016-04-30 00:22:17,386 INFO  c.c.d.collector.CollectorTask - ------------------------------
2016-04-30 00:22:17,386 INFO  c.c.d.collector.CollectorTask - server1
2016-04-30 00:22:17,386 INFO  c.c.d.collector.CollectorTask - ------------------------------
2016-04-30 00:22:17,386 INFO  c.c.d.collector.CollectorTask - Fetched jobs                0s
2016-04-30 00:22:17,386 INFO  c.c.d.collector.CollectorTask - New jobs           0        0s
2016-04-30 00:22:17,386 INFO  c.c.d.collector.CollectorTask - New builds         0        0s
2016-04-30 00:22:17,386 INFO  c.c.d.collector.CollectorTask - Finished                    0s
